d:\prog\cwiczenia1kućma\cwiczenia1kućma\debug\vc142.pdb
d:\prog\cwiczenia1kućma\cwiczenia1kućma\debug\vc142.idb
d:\prog\cwiczenia1kućma\cwiczenia1kućma\debug\main.obj
d:\prog\cwiczenia1kućma\cwiczenia1kućma\debug\cwiczenia8.obj
d:\prog\cwiczenia1kućma\cwiczenia1kućma\debug\cwiczenia7.obj
d:\prog\cwiczenia1kućma\cwiczenia1kućma\debug\cwiczenia6.obj
d:\prog\cwiczenia1kućma\cwiczenia1kućma\debug\cwiczenia5.obj
d:\prog\cwiczenia1kućma\cwiczenia1kućma\debug\cwiczenia4.obj
d:\prog\cwiczenia1kućma\cwiczenia1kućma\debug\cwiczenia3.obj
d:\prog\cwiczenia1kućma\cwiczenia1kućma\debug\cwiczenia2.obj
d:\prog\cwiczenia1kućma\cwiczenia1kućma\debug\cwiczenia1.obj
d:\prog\cwiczenia1kućma\cwiczenia1kućma\debug\cwiczenia9.obj
d:\prog\cwiczenia1kućma\debug\cwiczenia1kućma.exe
d:\prog\cwiczenia1kućma\debug\cwiczenia1kućma.ilk
d:\prog\cwiczenia1kućma\debug\cwiczenia1kućma.pdb
d:\prog\cwiczenia1kućma\cwiczenia1kućma\debug\cwiczenia1kućma.tlog\cl.command.1.tlog
d:\prog\cwiczenia1kućma\cwiczenia1kućma\debug\cwiczenia1kućma.tlog\cl.read.1.tlog
d:\prog\cwiczenia1kućma\cwiczenia1kućma\debug\cwiczenia1kućma.tlog\cl.write.1.tlog
d:\prog\cwiczenia1kućma\cwiczenia1kućma\debug\cwiczenia1kućma.tlog\link.command.1.tlog
d:\prog\cwiczenia1kućma\cwiczenia1kućma\debug\cwiczenia1kućma.tlog\link.read.1.tlog
d:\prog\cwiczenia1kućma\cwiczenia1kućma\debug\cwiczenia1kućma.tlog\link.write.1.tlog
